[INFO] Loading AD data from local files...
[INFO] Found data file: A_OHLCV_@AD_minutes_1440_1703-1557.dat
[INFO] 
Contents of sessions_slippages.xlsx:
[INFO]   symbol symbol.1    session  slippage
0   @MP1      MP1  1710-1550       8.5
1   @NE1      NE1  1703-1557       9.0
2   @RTY      RTY  1703-1557      12.0
3    @SB       SB  0333-1256      14.0
4    @CT       CT  2102-1417      16.0
[INFO] Columns: ['symbol', 'symbol.1', 'session', 'slippage']
[INFO] Found slippage for AD in column D: 8.0
[INFO] Using slippage from Excel column D: 8.0
[INFO] 
Symbol: @AD
[INFO] Description: Australian Dollar Continuous Contract [Jun25]
[INFO] Exchange: CME
[INFO] Interval: minutes 1440
[INFO] Tick size: 5.000000000000001
[INFO] Big point value: 100000.0
[INFO] Data shape: (6168, 6)
[INFO] Date range: 2001-05-14 15:57:00 to 2025-04-07 15:57:00
[INFO] 
First few rows of OHLCV data:
[INFO]              datetime    open    high     low   close  volume
0 2001-05-14 15:57:00  0.1839  0.1839  0.1797  0.1832   375.0
1 2001-05-15 15:57:00  0.1826  0.1852  0.1796  0.1851   309.0
2 2001-05-16 15:57:00  0.1854  0.1876  0.1827  0.1874   376.0
3 2001-05-17 15:57:00  0.1881  0.1929  0.1877  0.1917   715.0
4 2001-05-18 15:57:00  0.1916  0.1937  0.1882  0.1931   331.0
[INFO] Warm-up: loaded 2012-12-17 -> 2025-01-01  (+380 d); analysis starts at idx 267
[INFO] 
Starting genetic algorithm optimization...
[INFO] Population size: 900, Generations: 10
[INFO] Using genetic algorithm parameters from input.py
